<?xml version="1.0" encoding="UTF-8"?>
<!-- Generated by org.testng.reporters.JUnitXMLReporter -->
<testsuite ignored="3" hostname="DESKTOP-SOFQLGG" failures="0" tests="4" name="Default test" time="23.723" errors="0" timestamp="2026-07-10T17:42:59 EET">
  <testcase classname="MyDataBaseProject.AccountRegistrationTest" name="readData" time="0.179"/>
  <testcase classname="MyDataBaseProject.AccountRegistrationTest" name="Signup" time="8.665"/>
  <testcase classname="MyDataBaseProject.AccountRegistrationTest" name="Logout" time="3.208"/>
  <testcase classname="MyDataBaseProject.AccountRegistrationTest" name="Login" time="6.944"/>
  <testcase classname="MyDataBaseProject.AccountRegistrationTest" name="signup" time="0.0">
    <ignored/>
  </testcase> <!-- signup -->
  <testcase classname="MyDataBaseProject.AccountRegistrationTest" name="DeleteData" time="0.0">
    <ignored/>
  </testcase> <!-- DeleteData -->
  <testcase classname="MyDataBaseProject.AccountRegistrationTest" name="updateData" time="0.0">
    <ignored/>
  </testcase> <!-- updateData -->
</testsuite> <!-- Default test -->
