<?xml version="1.0" encoding="UTF-8"?>
<testng-results ignored="3" total="7" passed="4" failed="0" skipped="0">
  <reporter-output>
  </reporter-output>
  <suite started-at="2026-07-10T17:42:36 EET" name="Default suite" finished-at="2026-07-10T17:42:59 EET" duration-ms="23723">
    <groups>
    </groups>
    <test started-at="2026-07-10T17:42:36 EET" name="Default test" finished-at="2026-07-10T17:42:59 EET" duration-ms="23723">
      <class name="MyDataBaseProject.AccountRegistrationTest">
        <test-method is-config="true" signature="mySetup()[pri:0, instance:MyDataBaseProject.AccountRegistrationTest@78f5c518]" started-at="2026-07-10T17:42:36 EET" name="mySetup" finished-at="2026-07-10T17:42:39 EET" duration-ms="3550" status="PASS">
          <reporter-output>
          </reporter-output>
        </test-method> <!-- mySetup -->
        <test-method signature="readData()[pri:4, instance:MyDataBaseProject.AccountRegistrationTest@78f5c518]" started-at="2026-07-10T17:42:39 EET" name="readData" finished-at="2026-07-10T17:42:39 EET" duration-ms="179" status="PASS">
          <reporter-output>
          </reporter-output>
        </test-method> <!-- readData -->
        <test-method is-config="true" signature="aftertest()[pri:0, instance:MyDataBaseProject.AccountRegistrationTest@78f5c518]" started-at="2026-07-10T17:42:39 EET" name="aftertest" finished-at="2026-07-10T17:42:40 EET" duration-ms="149" status="PASS">
          <reporter-output>
          </reporter-output>
        </test-method> <!-- aftertest -->
        <test-method signature="Signup()[pri:5, instance:MyDataBaseProject.AccountRegistrationTest@78f5c518]" started-at="2026-07-10T17:42:40 EET" name="Signup" finished-at="2026-07-10T17:42:48 EET" duration-ms="8665" status="PASS">
          <reporter-output>
          </reporter-output>
        </test-method> <!-- Signup -->
        <test-method is-config="true" signature="aftertest()[pri:0, instance:MyDataBaseProject.AccountRegistrationTest@78f5c518]" started-at="2026-07-10T17:42:48 EET" name="aftertest" finished-at="2026-07-10T17:42:48 EET" duration-ms="127" status="PASS">
          <reporter-output>
          </reporter-output>
        </test-method> <!-- aftertest -->
        <test-method signature="Logout()[pri:6, instance:MyDataBaseProject.AccountRegistrationTest@78f5c518]" started-at="2026-07-10T17:42:48 EET" name="Logout" finished-at="2026-07-10T17:42:52 EET" depends-on-methods="MyDataBaseProject.AccountRegistrationTest.Signup" duration-ms="3208" status="PASS">
          <reporter-output>
          </reporter-output>
        </test-method> <!-- Logout -->
        <test-method is-config="true" signature="aftertest()[pri:0, instance:MyDataBaseProject.AccountRegistrationTest@78f5c518]" started-at="2026-07-10T17:42:52 EET" name="aftertest" finished-at="2026-07-10T17:42:52 EET" duration-ms="139" status="PASS">
          <reporter-output>
          </reporter-output>
        </test-method> <!-- aftertest -->
        <test-method signature="Login()[pri:7, instance:MyDataBaseProject.AccountRegistrationTest@78f5c518]" started-at="2026-07-10T17:42:52 EET" name="Login" finished-at="2026-07-10T17:42:59 EET" depends-on-methods="MyDataBaseProject.AccountRegistrationTest.Logout" duration-ms="6944" status="PASS">
          <reporter-output>
          </reporter-output>
        </test-method> <!-- Login -->
        <test-method is-config="true" signature="aftertest()[pri:0, instance:MyDataBaseProject.AccountRegistrationTest@78f5c518]" started-at="2026-07-10T17:42:59 EET" name="aftertest" finished-at="2026-07-10T17:42:59 EET" duration-ms="128" status="PASS">
          <reporter-output>
          </reporter-output>
        </test-method> <!-- aftertest -->
        <test-method is-config="true" signature="tearDown()[pri:0, instance:MyDataBaseProject.AccountRegistrationTest@78f5c518]" started-at="2026-07-10T17:42:59 EET" name="tearDown" finished-at="2026-07-10T17:42:59 EET" duration-ms="509" status="PASS">
          <reporter-output>
          </reporter-output>
        </test-method> <!-- tearDown -->
      </class> <!-- MyDataBaseProject.AccountRegistrationTest -->
    </test> <!-- Default test -->
  </suite> <!-- Default suite -->
</testng-results>
