<?xml version="1.0" encoding="UTF-8"?>
<!-- Generated by org.testng.reporters.JUnitReportReporter -->
<testsuite hostname="DESKTOP-SOFQLGG" failures="0" tests="7" name="MyDataBaseProject.AccountRegistrationTest" time="19.539" errors="0" timestamp="2026-07-10T17:42:59 EET" skipped="3">
  <testcase classname="MyDataBaseProject.AccountRegistrationTest" name="readData" time="0.328"/>
  <testcase classname="MyDataBaseProject.AccountRegistrationTest" name="Signup" time="8.792"/>
  <testcase classname="MyDataBaseProject.AccountRegistrationTest" name="Logout" time="3.336"/>
  <testcase classname="MyDataBaseProject.AccountRegistrationTest" name="Login" time="7.083"/>
  <testcase classname="MyDataBaseProject.AccountRegistrationTest" name="signup">
    <skipped/>
  </testcase> <!-- signup -->
  <testcase classname="MyDataBaseProject.AccountRegistrationTest" name="DeleteData">
    <skipped/>
  </testcase> <!-- DeleteData -->
  <testcase classname="MyDataBaseProject.AccountRegistrationTest" name="updateData">
    <skipped/>
  </testcase> <!-- updateData -->
</testsuite> <!-- MyDataBaseProject.AccountRegistrationTest -->
