<?xml version="1.0" encoding="UTF-8"?>
<!-- Generated by org.testng.reporters.JUnitReportReporter -->
<testsuite hostname="DESKTOP-SOFQLGG" failures="0" tests="7" name="MyDataBaseProject.DataBaseProject" time="19.681" errors="0" timestamp="2026-07-09T22:18:15 EET" skipped="3">
  <testcase classname="MyDataBaseProject.DataBaseProject" name="readData" time="0.100"/>
  <testcase classname="MyDataBaseProject.DataBaseProject" name="Signup" time="10.305"/>
  <testcase classname="MyDataBaseProject.DataBaseProject" name="Logout" time="3.120"/>
  <testcase classname="MyDataBaseProject.DataBaseProject" name="Login" time="6.156"/>
  <testcase classname="MyDataBaseProject.DataBaseProject" name="DeleteData">
    <skipped/>
  </testcase> <!-- DeleteData -->
  <testcase classname="MyDataBaseProject.DataBaseProject" name="signup">
    <skipped/>
  </testcase> <!-- signup -->
  <testcase classname="MyDataBaseProject.DataBaseProject" name="updateData">
    <skipped/>
  </testcase> <!-- updateData -->
</testsuite> <!-- MyDataBaseProject.DataBaseProject -->
